<?xml version="1.0" encoding="UTF-8"?>
<!-- Generated by org.testng.reporters.JUnitReportReporter -->
<testsuite hostname="DESKTOP-37JE1B6" failures="0" tests="3" name="HomePageTestRunner" time="56.134" errors="0" timestamp="2023-12-12T18:11:15 IST" skipped="0">
  <testcase classname="HomePageTestRunner" name="runScenario" time="17.664"/>
  <testcase classname="HomePageTestRunner" name="runScenario" time="12.964"/>
  <testcase classname="HomePageTestRunner" name="runScenario" time="25.506"/>
</testsuite> <!-- HomePageTestRunner -->
