<?xml version="1.0" encoding="UTF-8"?>
<!-- Generated by org.testng.reporters.JUnitReportReporter -->
<testsuite hostname="DESKTOP-37JE1B6" failures="0" tests="1" name="SearchPageTestRunner" time="21.080" errors="0" timestamp="2023-12-12T18:11:15 IST" skipped="0">
  <testcase classname="SearchPageTestRunner" name="runScenario" time="21.080"/>
</testsuite> <!-- SearchPageTestRunner -->
