<?xml version="1.0" encoding="UTF-8"?>
<!-- Generated by org.testng.reporters.JUnitReportReporter -->
<testsuite hostname="DESKTOP-37JE1B6" failures="0" tests="6" name="LoginPageTestRunner" time="136.818" errors="0" timestamp="2023-12-12T18:11:15 IST" skipped="0">
  <testcase classname="LoginPageTestRunner" name="runScenario" time="12.754"/>
  <testcase classname="LoginPageTestRunner" name="runScenario" time="21.535"/>
  <testcase classname="LoginPageTestRunner" name="runScenario" time="26.755"/>
  <testcase classname="LoginPageTestRunner" name="runScenario" time="20.813"/>
  <testcase classname="LoginPageTestRunner" name="runScenario" time="29.262"/>
  <testcase classname="LoginPageTestRunner" name="runScenario" time="25.699"/>
</testsuite> <!-- LoginPageTestRunner -->
