<?xml version="1.0" encoding="UTF-8"?>
<!-- Generated by org.testng.reporters.JUnitReportReporter -->
<testsuite hostname="DESKTOP-37JE1B6" failures="0" tests="2" name="AccountPageTestRunner" time="34.665" errors="0" timestamp="2023-12-12T18:11:15 IST" skipped="0">
  <testcase classname="AccountPageTestRunner" name="runScenario" time="17.741"/>
  <testcase classname="AccountPageTestRunner" name="runScenario" time="16.924"/>
</testsuite> <!-- AccountPageTestRunner -->
